{
"/media/alan/Novo volume/Labs/ConcreteSolutions/app/app.js":{"path":"/media/alan/Novo volume/Labs/ConcreteSolutions/app/app.js","s":{"1":1,"2":1,"3":1,"4":1,"5":1,"6":1,"7":1,"8":1,"9":1,"10":1,"11":1,"12":1,"13":0,"14":1},"b":{"1":[1,1],"2":[0,1]},"f":{},"fnMap":{},"statementMap":{"1":{"start":{"line":1,"column":0},"end":{"line":1,"column":37}},"2":{"start":{"line":2,"column":0},"end":{"line":2,"column":39}},"3":{"start":{"line":4,"column":0},"end":{"line":4,"column":22}},"4":{"start":{"line":6,"column":0},"end":{"line":6,"column":38}},"5":{"start":{"line":8,"column":0},"end":{"line":8,"column":32}},"6":{"start":{"line":10,"column":0},"end":{"line":10,"column":45}},"7":{"start":{"line":11,"column":0},"end":{"line":11,"column":38}},"8":{"start":{"line":13,"column":0},"end":{"line":13,"column":26}},"9":{"start":{"line":15,"column":0},"end":{"line":15,"column":45}},"10":{"start":{"line":17,"column":0},"end":{"line":17,"column":46}},"11":{"start":{"line":19,"column":0},"end":{"line":23,"column":4}},"12":{"start":{"line":20,"column":4},"end":{"line":22,"column":5}},"13":{"start":{"line":21,"column":8},"end":{"line":21,"column":64}},"14":{"start":{"line":25,"column":0},"end":{"line":25,"column":21}}},"branchMap":{"1":{"line":6,"type":"binary-expr","locations":[{"start":{"line":6,"column":13},"end":{"line":6,"column":29}},{"start":{"line":6,"column":33},"end":{"line":6,"column":37}}]},"2":{"line":20,"type":"if","locations":[{"start":{"line":20,"column":4},"end":{"line":20,"column":4}},{"start":{"line":20,"column":4},"end":{"line":20,"column":4}}]}},"l":{"1":1,"2":1,"4":1,"6":1,"8":1,"10":1,"11":1,"13":1,"15":1,"17":1,"19":1,"20":1,"21":0,"25":1}},
"/media/alan/Novo volume/Labs/ConcreteSolutions/app/config/segredo.js":{"path":"/media/alan/Novo volume/Labs/ConcreteSolutions/app/config/segredo.js","s":{"1":1},"b":{"1":[1,1]},"f":{},"fnMap":{},"statementMap":{"1":{"start":{"line":1,"column":0},"end":{"line":1,"column":75}}},"branchMap":{"1":{"line":1,"type":"binary-expr","locations":[{"start":{"line":1,"column":17},"end":{"line":1,"column":35}},{"start":{"line":1,"column":39},"end":{"line":1,"column":74}}]}},"l":{"1":1}},
"/media/alan/Novo volume/Labs/ConcreteSolutions/app/middleware/body-parser.js":{"path":"/media/alan/Novo volume/Labs/ConcreteSolutions/app/middleware/body-parser.js","s":{"1":1,"2":1,"3":1,"4":1},"b":{},"f":{},"fnMap":{},"statementMap":{"1":{"start":{"line":1,"column":0},"end":{"line":1,"column":44}},"2":{"start":{"line":3,"column":0},"end":{"line":6,"column":2}},"3":{"start":{"line":4,"column":4},"end":{"line":4,"column":59}},"4":{"start":{"line":5,"column":4},"end":{"line":5,"column":33}}},"branchMap":{},"l":{"1":1,"3":1,"4":1,"5":1}},
"/media/alan/Novo volume/Labs/ConcreteSolutions/app/middleware/cors.js":{"path":"/media/alan/Novo volume/Labs/ConcreteSolutions/app/middleware/cors.js","s":{"1":1,"2":1,"3":15,"4":15,"5":15},"b":{},"f":{},"fnMap":{},"statementMap":{"1":{"start":{"line":1,"column":0},"end":{"line":7,"column":2}},"2":{"start":{"line":2,"column":4},"end":{"line":6,"column":8}},"3":{"start":{"line":3,"column":8},"end":{"line":3,"column":62}},"4":{"start":{"line":4,"column":8},"end":{"line":4,"column":108}},"5":{"start":{"line":5,"column":8},"end":{"line":5,"column":15}}},"branchMap":{},"l":{"1":1,"2":1,"3":15,"4":15,"5":15}},
"/media/alan/Novo volume/Labs/ConcreteSolutions/app/middleware/validar-sessao.js":{"path":"/media/alan/Novo volume/Labs/ConcreteSolutions/app/middleware/validar-sessao.js","s":{"1":1,"2":1,"3":1,"4":1,"5":4,"6":4,"7":2,"8":2,"9":2,"10":2,"11":0,"12":2,"13":1,"14":1,"15":1,"16":0,"17":1,"18":1,"19":0,"20":1},"b":{"1":[2,2],"2":[0,2],"3":[1,1],"4":[0,1]},"f":{"1":4},"fnMap":{"1":{"name":"validarSessao","line":5,"loc":{"start":{"line":5,"column":0},"end":{"line":5,"column":50}}}},"statementMap":{"1":{"start":{"line":1,"column":0},"end":{"line":1,"column":59}},"2":{"start":{"line":2,"column":0},"end":{"line":2,"column":36}},"3":{"start":{"line":3,"column":0},"end":{"line":3,"column":49}},"4":{"start":{"line":5,"column":0},"end":{"line":45,"column":1}},"5":{"start":{"line":6,"column":4},"end":{"line":6,"column":41}},"6":{"start":{"line":8,"column":4},"end":{"line":12,"column":5}},"7":{"start":{"line":9,"column":8},"end":{"line":11,"column":52}},"8":{"start":{"line":14,"column":4},"end":{"line":44,"column":5}},"9":{"start":{"line":15,"column":8},"end":{"line":15,"column":63}},"10":{"start":{"line":17,"column":8},"end":{"line":21,"column":9}},"11":{"start":{"line":18,"column":12},"end":{"line":20,"column":57}},"12":{"start":{"line":23,"column":8},"end":{"line":27,"column":9}},"13":{"start":{"line":24,"column":12},"end":{"line":26,"column":56}},"14":{"start":{"line":29,"column":8},"end":{"line":39,"column":12}},"15":{"start":{"line":30,"column":12},"end":{"line":34,"column":13}},"16":{"start":{"line":31,"column":16},"end":{"line":33,"column":84}},"17":{"start":{"line":36,"column":12},"end":{"line":36,"column":38}},"18":{"start":{"line":38,"column":12},"end":{"line":38,"column":26}},"19":{"start":{"line":41,"column":8},"end":{"line":43,"column":52}},"20":{"start":{"line":47,"column":0},"end":{"line":47,"column":31}}},"branchMap":{"1":{"line":8,"type":"if","locations":[{"start":{"line":8,"column":4},"end":{"line":8,"column":4}},{"start":{"line":8,"column":4},"end":{"line":8,"column":4}}]},"2":{"line":17,"type":"if","locations":[{"start":{"line":17,"column":8},"end":{"line":17,"column":8}},{"start":{"line":17,"column":8},"end":{"line":17,"column":8}}]},"3":{"line":23,"type":"if","locations":[{"start":{"line":23,"column":8},"end":{"line":23,"column":8}},{"start":{"line":23,"column":8},"end":{"line":23,"column":8}}]},"4":{"line":30,"type":"if","locations":[{"start":{"line":30,"column":12},"end":{"line":30,"column":12}},{"start":{"line":30,"column":12},"end":{"line":30,"column":12}}]}},"l":{"1":1,"2":1,"3":1,"5":1,"6":4,"8":4,"9":2,"14":2,"15":2,"17":2,"18":0,"23":2,"24":1,"29":1,"30":1,"31":0,"36":1,"38":1,"41":0,"47":1}},
"/media/alan/Novo volume/Labs/ConcreteSolutions/app/model/usuario.model.js":{"path":"/media/alan/Novo volume/Labs/ConcreteSolutions/app/model/usuario.model.js","s":{"1":1,"2":1,"3":1,"4":1},"b":{},"f":{},"fnMap":{},"statementMap":{"1":{"start":{"line":1,"column":0},"end":{"line":1,"column":39}},"2":{"start":{"line":2,"column":0},"end":{"line":2,"column":42}},"3":{"start":{"line":4,"column":0},"end":{"line":44,"column":4}},"4":{"start":{"line":46,"column":0},"end":{"line":46,"column":60}}},"branchMap":{},"l":{"1":1,"2":1,"4":1,"46":1}},
"/media/alan/Novo volume/Labs/ConcreteSolutions/app/route/usuario.route.js":{"path":"/media/alan/Novo volume/Labs/ConcreteSolutions/app/route/usuario.route.js","s":{"1":1,"2":1,"3":1,"4":1,"5":1,"6":1,"7":1,"8":1},"b":{},"f":{},"fnMap":{},"statementMap":{"1":{"start":{"line":1,"column":0},"end":{"line":1,"column":72}},"2":{"start":{"line":2,"column":0},"end":{"line":2,"column":72}},"3":{"start":{"line":3,"column":0},"end":{"line":3,"column":74}},"4":{"start":{"line":4,"column":0},"end":{"line":4,"column":66}},"5":{"start":{"line":6,"column":0},"end":{"line":15,"column":2}},"6":{"start":{"line":7,"column":4},"end":{"line":8,"column":34}},"7":{"start":{"line":10,"column":4},"end":{"line":11,"column":34}},"8":{"start":{"line":13,"column":4},"end":{"line":14,"column":49}}},"branchMap":{},"l":{"1":1,"2":1,"3":1,"4":1,"6":1,"7":1,"10":1,"13":1}},
"/media/alan/Novo volume/Labs/ConcreteSolutions/app/controller/signin.controller.js":{"path":"/media/alan/Novo volume/Labs/ConcreteSolutions/app/controller/signin.controller.js","s":{"1":1,"2":1,"3":1,"4":1,"5":1,"6":1,"7":7,"8":7,"9":7,"10":1,"11":6,"12":6,"13":0,"14":6,"15":2,"16":4,"17":4,"18":4,"19":4,"20":4,"21":1},"b":{"1":[7,1],"2":[7,1],"3":[1,6],"4":[7,6],"5":[0,6],"6":[0,0],"7":[2,4],"8":[6,5]},"f":{"1":7},"fnMap":{"1":{"name":"signin","line":7,"loc":{"start":{"line":7,"column":0},"end":{"line":7,"column":37}}}},"statementMap":{"1":{"start":{"line":1,"column":0},"end":{"line":1,"column":59}},"2":{"start":{"line":2,"column":0},"end":{"line":2,"column":36}},"3":{"start":{"line":3,"column":0},"end":{"line":3,"column":42}},"4":{"start":{"line":4,"column":0},"end":{"line":4,"column":35}},"5":{"start":{"line":5,"column":0},"end":{"line":5,"column":49}},"6":{"start":{"line":7,"column":0},"end":{"line":52,"column":1}},"7":{"start":{"line":8,"column":4},"end":{"line":8,"column":43}},"8":{"start":{"line":9,"column":4},"end":{"line":9,"column":43}},"9":{"start":{"line":11,"column":4},"end":{"line":15,"column":5}},"10":{"start":{"line":12,"column":8},"end":{"line":14,"column":79}},"11":{"start":{"line":17,"column":4},"end":{"line":51,"column":8}},"12":{"start":{"line":18,"column":8},"end":{"line":22,"column":9}},"13":{"start":{"line":19,"column":12},"end":{"line":21,"column":98}},"14":{"start":{"line":24,"column":8},"end":{"line":28,"column":9}},"15":{"start":{"line":25,"column":12},"end":{"line":27,"column":70}},"16":{"start":{"line":30,"column":8},"end":{"line":30,"column":74}},"17":{"start":{"line":32,"column":8},"end":{"line":35,"column":21}},"18":{"start":{"line":37,"column":8},"end":{"line":37,"column":52}},"19":{"start":{"line":39,"column":8},"end":{"line":39,"column":23}},"20":{"start":{"line":41,"column":8},"end":{"line":50,"column":12}},"21":{"start":{"line":54,"column":0},"end":{"line":54,"column":24}}},"branchMap":{"1":{"line":8,"type":"binary-expr","locations":[{"start":{"line":8,"column":18},"end":{"line":8,"column":36}},{"start":{"line":8,"column":40},"end":{"line":8,"column":42}}]},"2":{"line":9,"type":"binary-expr","locations":[{"start":{"line":9,"column":18},"end":{"line":9,"column":36}},{"start":{"line":9,"column":40},"end":{"line":9,"column":42}}]},"3":{"line":11,"type":"if","locations":[{"start":{"line":11,"column":4},"end":{"line":11,"column":4}},{"start":{"line":11,"column":4},"end":{"line":11,"column":4}}]},"4":{"line":11,"type":"binary-expr","locations":[{"start":{"line":11,"column":9},"end":{"line":11,"column":15}},{"start":{"line":11,"column":19},"end":{"line":11,"column":25}}]},"5":{"line":18,"type":"if","locations":[{"start":{"line":18,"column":8},"end":{"line":18,"column":8}},{"start":{"line":18,"column":8},"end":{"line":18,"column":8}}]},"6":{"line":21,"type":"binary-expr","locations":[{"start":{"line":21,"column":35},"end":{"line":21,"column":48}},{"start":{"line":21,"column":52},"end":{"line":21,"column":93}}]},"7":{"line":24,"type":"if","locations":[{"start":{"line":24,"column":8},"end":{"line":24,"column":8}},{"start":{"line":24,"column":8},"end":{"line":24,"column":8}}]},"8":{"line":24,"type":"binary-expr","locations":[{"start":{"line":24,"column":13},"end":{"line":24,"column":21}},{"start":{"line":24,"column":25},"end":{"line":24,"column":68}}]}},"l":{"1":1,"2":1,"3":1,"4":1,"5":1,"7":1,"8":7,"9":7,"11":7,"12":1,"17":6,"18":6,"19":0,"24":6,"25":2,"30":4,"32":4,"37":4,"39":4,"41":4,"54":1}},
"/media/alan/Novo volume/Labs/ConcreteSolutions/app/controller/signup.controller.js":{"path":"/media/alan/Novo volume/Labs/ConcreteSolutions/app/controller/signup.controller.js","s":{"1":1,"2":1,"3":1,"4":1,"5":1,"6":6,"7":1,"8":5,"9":1,"10":4,"11":1,"12":1,"13":3,"14":3,"15":1,"16":1,"17":1,"18":1,"19":2,"20":1,"21":3,"22":3,"23":3,"24":1,"25":6,"26":6,"27":3,"28":3,"29":3,"30":3,"31":1},"b":{"1":[1,5],"2":[1,4],"3":[1,3],"4":[1,2],"5":[1,0],"6":[3,3]},"f":{"1":6,"2":3,"3":3,"4":6},"fnMap":{"1":{"name":"validarUsuario","line":6,"loc":{"start":{"line":6,"column":0},"end":{"line":6,"column":39}}},"2":{"name":"salvarUsuario","line":20,"loc":{"start":{"line":20,"column":0},"end":{"line":20,"column":53}}},"3":{"name":"cadastrarUsuario","line":34,"loc":{"start":{"line":34,"column":0},"end":{"line":34,"column":47}}},"4":{"name":"signup","line":49,"loc":{"start":{"line":49,"column":0},"end":{"line":49,"column":37}}}},"statementMap":{"1":{"start":{"line":1,"column":0},"end":{"line":1,"column":59}},"2":{"start":{"line":2,"column":0},"end":{"line":2,"column":48}},"3":{"start":{"line":3,"column":0},"end":{"line":3,"column":42}},"4":{"start":{"line":4,"column":0},"end":{"line":4,"column":38}},"5":{"start":{"line":6,"column":0},"end":{"line":18,"column":1}},"6":{"start":{"line":7,"column":4},"end":{"line":9,"column":5}},"7":{"start":{"line":8,"column":8},"end":{"line":8,"column":44}},"8":{"start":{"line":11,"column":4},"end":{"line":13,"column":5}},"9":{"start":{"line":12,"column":8},"end":{"line":12,"column":45}},"10":{"start":{"line":15,"column":4},"end":{"line":17,"column":5}},"11":{"start":{"line":16,"column":8},"end":{"line":16,"column":45}},"12":{"start":{"line":20,"column":0},"end":{"line":32,"column":1}},"13":{"start":{"line":21,"column":4},"end":{"line":31,"column":8}},"14":{"start":{"line":22,"column":8},"end":{"line":28,"column":9}},"15":{"start":{"line":23,"column":12},"end":{"line":23,"column":93}},"16":{"start":{"line":25,"column":12},"end":{"line":25,"column":35}},"17":{"start":{"line":26,"column":12},"end":{"line":26,"column":58}},"18":{"start":{"line":27,"column":12},"end":{"line":27,"column":19}},"19":{"start":{"line":30,"column":8},"end":{"line":30,"column":36}},"20":{"start":{"line":34,"column":0},"end":{"line":47,"column":1}},"21":{"start":{"line":35,"column":4},"end":{"line":35,"column":29}},"22":{"start":{"line":36,"column":4},"end":{"line":44,"column":8}},"23":{"start":{"line":46,"column":4},"end":{"line":46,"column":48}},"24":{"start":{"line":49,"column":0},"end":{"line":59,"column":1}},"25":{"start":{"line":50,"column":4},"end":{"line":50,"column":59}},"26":{"start":{"line":52,"column":4},"end":{"line":56,"column":5}},"27":{"start":{"line":53,"column":8},"end":{"line":53,"column":31}},"28":{"start":{"line":54,"column":8},"end":{"line":54,"column":55}},"29":{"start":{"line":55,"column":8},"end":{"line":55,"column":15}},"30":{"start":{"line":58,"column":4},"end":{"line":58,"column":42}},"31":{"start":{"line":61,"column":0},"end":{"line":61,"column":24}}},"branchMap":{"1":{"line":7,"type":"if","locations":[{"start":{"line":7,"column":4},"end":{"line":7,"column":4}},{"start":{"line":7,"column":4},"end":{"line":7,"column":4}}]},"2":{"line":11,"type":"if","locations":[{"start":{"line":11,"column":4},"end":{"line":11,"column":4}},{"start":{"line":11,"column":4},"end":{"line":11,"column":4}}]},"3":{"line":15,"type":"if","locations":[{"start":{"line":15,"column":4},"end":{"line":15,"column":4}},{"start":{"line":15,"column":4},"end":{"line":15,"column":4}}]},"4":{"line":22,"type":"if","locations":[{"start":{"line":22,"column":8},"end":{"line":22,"column":8}},{"start":{"line":22,"column":8},"end":{"line":22,"column":8}}]},"5":{"line":23,"type":"cond-expr","locations":[{"start":{"line":23,"column":55},"end":{"line":23,"column":76}},{"start":{"line":23,"column":79},"end":{"line":23,"column":92}}]},"6":{"line":52,"type":"if","locations":[{"start":{"line":52,"column":4},"end":{"line":52,"column":4}},{"start":{"line":52,"column":4},"end":{"line":52,"column":4}}]}},"l":{"1":1,"2":1,"3":1,"4":1,"6":1,"7":6,"8":1,"11":5,"12":1,"15":4,"16":1,"20":1,"21":3,"22":3,"23":1,"25":1,"26":1,"27":1,"30":2,"34":1,"35":3,"36":3,"46":3,"49":1,"50":6,"52":6,"53":3,"54":3,"55":3,"58":3,"61":1}},
"/media/alan/Novo volume/Labs/ConcreteSolutions/app/controller/usuario.controller.js":{"path":"/media/alan/Novo volume/Labs/ConcreteSolutions/app/controller/usuario.controller.js","s":{"1":1,"2":1,"3":1,"4":0,"5":1,"6":1},"b":{"1":[1,1],"2":[0,1]},"f":{"1":1},"fnMap":{"1":{"name":"usuarioController","line":1,"loc":{"start":{"line":1,"column":0},"end":{"line":1,"column":48}}}},"statementMap":{"1":{"start":{"line":1,"column":0},"end":{"line":19,"column":1}},"2":{"start":{"line":2,"column":4},"end":{"line":2,"column":60}},"3":{"start":{"line":4,"column":4},"end":{"line":8,"column":5}},"4":{"start":{"line":5,"column":8},"end":{"line":7,"column":60}},"5":{"start":{"line":10,"column":4},"end":{"line":18,"column":8}},"6":{"start":{"line":21,"column":0},"end":{"line":21,"column":35}}},"branchMap":{"1":{"line":2,"type":"binary-expr","locations":[{"start":{"line":2,"column":20},"end":{"line":2,"column":35}},{"start":{"line":2,"column":39},"end":{"line":2,"column":59}}]},"2":{"line":4,"type":"if","locations":[{"start":{"line":4,"column":4},"end":{"line":4,"column":4}},{"start":{"line":4,"column":4},"end":{"line":4,"column":4}}]}},"l":{"1":1,"2":1,"4":1,"5":0,"10":1,"21":1}}}
