TN:
SF:/media/alan/Novo volume/Labs/ConcreteSolutions/app/app.js
FNF:0
FNH:0
DA:1,1
DA:2,1
DA:4,1
DA:6,1
DA:8,1
DA:10,1
DA:11,1
DA:13,1
DA:15,1
DA:17,1
DA:19,1
DA:20,1
DA:21,0
DA:25,1
LF:14
LH:13
BRDA:6,1,0,1
BRDA:6,1,1,1
BRDA:20,2,0,0
BRDA:20,2,1,1
BRF:4
BRH:3
end_of_record
TN:
SF:/media/alan/Novo volume/Labs/ConcreteSolutions/app/config/segredo.js
FNF:0
FNH:0
DA:1,1
LF:1
LH:1
BRDA:1,1,0,1
BRDA:1,1,1,1
BRF:2
BRH:2
end_of_record
TN:
SF:/media/alan/Novo volume/Labs/ConcreteSolutions/app/middleware/body-parser.js
FNF:0
FNH:0
DA:1,1
DA:3,1
DA:4,1
DA:5,1
LF:4
LH:4
BRF:0
BRH:0
end_of_record
TN:
SF:/media/alan/Novo volume/Labs/ConcreteSolutions/app/middleware/cors.js
FNF:0
FNH:0
DA:1,1
DA:2,1
DA:3,15
DA:4,15
DA:5,15
LF:5
LH:5
BRF:0
BRH:0
end_of_record
TN:
SF:/media/alan/Novo volume/Labs/ConcreteSolutions/app/middleware/validar-sessao.js
FN:5,validarSessao
FNF:1
FNH:1
FNDA:4,validarSessao
DA:1,1
DA:2,1
DA:3,1
DA:5,1
DA:6,4
DA:8,4
DA:9,2
DA:14,2
DA:15,2
DA:17,2
DA:18,0
DA:23,2
DA:24,1
DA:29,1
DA:30,1
DA:31,0
DA:36,1
DA:38,1
DA:41,0
DA:47,1
LF:20
LH:17
BRDA:8,1,0,2
BRDA:8,1,1,2
BRDA:17,2,0,0
BRDA:17,2,1,2
BRDA:23,3,0,1
BRDA:23,3,1,1
BRDA:30,4,0,0
BRDA:30,4,1,1
BRF:8
BRH:6
end_of_record
TN:
SF:/media/alan/Novo volume/Labs/ConcreteSolutions/app/model/usuario.model.js
FNF:0
FNH:0
DA:1,1
DA:2,1
DA:4,1
DA:46,1
LF:4
LH:4
BRF:0
BRH:0
end_of_record
TN:
SF:/media/alan/Novo volume/Labs/ConcreteSolutions/app/route/usuario.route.js
FNF:0
FNH:0
DA:1,1
DA:2,1
DA:3,1
DA:4,1
DA:6,1
DA:7,1
DA:10,1
DA:13,1
LF:8
LH:8
BRF:0
BRH:0
end_of_record
TN:
SF:/media/alan/Novo volume/Labs/ConcreteSolutions/app/controller/signin.controller.js
FN:7,signin
FNF:1
FNH:1
FNDA:7,signin
DA:1,1
DA:2,1
DA:3,1
DA:4,1
DA:5,1
DA:7,1
DA:8,7
DA:9,7
DA:11,7
DA:12,1
DA:17,6
DA:18,6
DA:19,0
DA:24,6
DA:25,2
DA:30,4
DA:32,4
DA:37,4
DA:39,4
DA:41,4
DA:54,1
LF:21
LH:20
BRDA:8,1,0,7
BRDA:8,1,1,1
BRDA:9,2,0,7
BRDA:9,2,1,1
BRDA:11,3,0,1
BRDA:11,3,1,6
BRDA:11,4,0,7
BRDA:11,4,1,6
BRDA:18,5,0,0
BRDA:18,5,1,6
BRDA:21,6,0,0
BRDA:21,6,1,0
BRDA:24,7,0,2
BRDA:24,7,1,4
BRDA:24,8,0,6
BRDA:24,8,1,5
BRF:16
BRH:13
end_of_record
TN:
SF:/media/alan/Novo volume/Labs/ConcreteSolutions/app/controller/signup.controller.js
FN:6,validarUsuario
FN:20,salvarUsuario
FN:34,cadastrarUsuario
FN:49,signup
FNF:4
FNH:4
FNDA:6,validarUsuario
FNDA:3,salvarUsuario
FNDA:3,cadastrarUsuario
FNDA:6,signup
DA:1,1
DA:2,1
DA:3,1
DA:4,1
DA:6,1
DA:7,6
DA:8,1
DA:11,5
DA:12,1
DA:15,4
DA:16,1
DA:20,1
DA:21,3
DA:22,3
DA:23,1
DA:25,1
DA:26,1
DA:27,1
DA:30,2
DA:34,1
DA:35,3
DA:36,3
DA:46,3
DA:49,1
DA:50,6
DA:52,6
DA:53,3
DA:54,3
DA:55,3
DA:58,3
DA:61,1
LF:31
LH:31
BRDA:7,1,0,1
BRDA:7,1,1,5
BRDA:11,2,0,1
BRDA:11,2,1,4
BRDA:15,3,0,1
BRDA:15,3,1,3
BRDA:22,4,0,1
BRDA:22,4,1,2
BRDA:23,5,0,1
BRDA:23,5,1,0
BRDA:52,6,0,3
BRDA:52,6,1,3
BRF:12
BRH:11
end_of_record
TN:
SF:/media/alan/Novo volume/Labs/ConcreteSolutions/app/controller/usuario.controller.js
FN:1,usuarioController
FNF:1
FNH:1
FNDA:1,usuarioController
DA:1,1
DA:2,1
DA:4,1
DA:5,0
DA:10,1
DA:21,1
LF:6
LH:5
BRDA:2,1,0,1
BRDA:2,1,1,1
BRDA:4,2,0,0
BRDA:4,2,1,1
BRF:4
BRH:3
end_of_record
